********************************************************************************
DUPLICATOR-LITE PACKAGE-LOG: 25 de August de 2020 23:12
NOTICE: Do NOT post to public sites or forums 
********************************************************************************
VERSION:	1.3.36
WORDPRESS:	5.5
PHP INFO:	7.4.0 | SAPI: apache2handler
SERVER:		Apache/2.4.41 (Win64) PHP/7.4.0 
PHP TIME LIMIT: (0) no time limit imposed 
PHP MAX MEMORY: 4294967296 (128M default) 
MEMORY STACK: 4MB

********************************************************************************
DATABASE:
********************************************************************************
BUILD MODE:   PHP(query limit - 100)
MYSQLTIMEOUT: 5000
MYSQLDUMP:    Not Supported
TABLES: total:30 | filtered:0 | create:30
FILTERED: []
SQL CREATED: 20200825_cgroup_b047a8f7bdd7ad1b2493_20200825231207_database.sql
SQL FILE SIZE: 805.12KB (824440)
SQL FILE TIME: 2020-08-25 23:12:15
SQL RUNTIME: 0.67 sec.

********************************************************************************
ARCHIVE (ZIP):
********************************************************************************
ARCHIVE DIR:  C:/wamp/www/furfrilo
ARCHIVE FILE: 20200825_cgroup_b047a8f7bdd7ad1b2493_20200825231207_archive.zip
FILTERS: *OFF*
DIRS:
	not set
FILES:
	not set
EXTS:  not set
----------------------------------------
COMPRESSING
SIZE:	69.71MB
STATS:	Dirs 329 | Files 2,746
SQL ADDED: 20200825_cgroup_b047a8f7bdd7ad1b2493_20200825231207_database.sql
ZipArchive Object
(
    [status] => 0
    [statusSys] => 0
    [numFiles] => 3075
    [filename] => C:\wamp\www\furfrilo\wp-content\backups-dup-lite\tmp\20200825_cgroup_b047a8f7bdd7ad1b2493_20200825231207_archive.zip
    [comment] => 
)

FILE ADDED TO ZIP: 3074
COMPRESSION RESULT: '1'
COMPRESSED SIZE: 23.9MB
ARCHIVE RUNTIME: 34.65 sec.
MEMORY STACK: 4MB
building installer
add_extra_files1
add_extra_files2
add_extra_files3
add_extra_files4
Doing archive file check
add_extra_files5
add_extra_files6
add_extra_files8
Successfully opened zip C:/wamp/www/furfrilo/wp-content/backups-dup-lite/tmp/20200825_cgroup_b047a8f7bdd7ad1b2493_20200825231207_archive.zip
Adding enhanced installer files to archive using ZipArchive
Installer files added to archive
Added to archive
After ziparchive close when adding installer

********************************************************************************
INTEGRITY CHECKS:
********************************************************************************
SQL FILE: 805.12KB
INSTALLER FILE: 61.31KB
ARCHIVE FILE: 25.38MB 
RECUENTO ARCHIVOS/DIRECTORIOS ESPERADOS: 3,075
RECUENTO ARCHIVOS/DIRECTORIOS ACTUALES: 3,074
PRUEBA DE CONSISTENCIA DEL ARCHIVO: Superado

********************************************************************************
RECORD ID:[1]
TOTAL PROCESS RUNTIME: 36.68 sec.
PEAK PHP MEMORY USED: 6MB
DONE PROCESSING => 20200825_cgroup 25 de August de 2020 23:12

